<?xml version="1.0" encoding="UTF-8"?>
<testsuites tests="2" failures="0" errors="0" time="6.336919">
	<testsuite tests="2" failures="0" time="1.211000" name="github.com/rancher/rancher/tests/v2/validation/provisioning/sandbox" timestamp="2024-08-09T16:36:11-05:00">
		<properties>
			<property name="go.version" value="go1.22.3 darwin/arm64"></property>
		</properties>
		<testcase classname="github.com/rancher/rancher/tests/v2/validation/provisioning/sandbox" name="TestSandboxTestSuite/TestSandbox" time="0.000000"></testcase>
		<testcase classname="github.com/rancher/rancher/tests/v2/validation/provisioning/sandbox" name="TestSandboxTestSuite" time="0.000000"></testcase>
	</testsuite>
</testsuites>